<?xml version="1.0" encoding="UTF-8"?>
<testsuite xmlns:xsi="http://www.w3.org/2001/XMLSchema-instance" xsi:noNamespaceSchemaLocation="https://maven.apache.org/surefire/maven-surefire-plugin/xsd/surefire-test-report-3.0.xsd" version="3.0" name="com.example.pdfgen.RenderPdfToImageTest" time="2.792" tests="1" errors="0" skipped="0" failures="0">
  <properties>
[...]
</properties>
  <testcase name="renderPdfToPng" classname="com.example.pdfgen.RenderPdfToImageTest" time="0.887">
    <system-out><![CDATA[Standard Commons Logging discovery in action with spring-jcl: please remove commons-logging.jar from classpath in order to avoid potential conflicts
22:55:54.941 [main] INFO org.springframework.test.context.support.AnnotationConfigContextLoaderUtils -- Could not detect default configuration classes for test class [com.example.pdfgen.RenderPdfToImageTest]: RenderPdfToImageTest does not declare any static, non-private, non-final, nested classes annotated with @Configuration.
22:55:54.988 [main] INFO org.springframework.boot.test.context.SpringBootTestContextBootstrapper -- Found @SpringBootConfiguration com.example.pdfgen.PdfGeneratorApplication for test class com.example.pdfgen.RenderPdfToImageTest

  .   ____          _            __ _ _
 /\\ / ___'_ __ _ _(_)_ __  __ _ \ \ \ \
( ( )\___ | '_ | '_| | '_ \/ _` | \ \ \ \
 \\/  ___)| |_)| | | | | || (_| |  ) ) ) )
  '  |____| .__|_| |_|_| |_\__, | / / / /
 =========|_|==============|___/=/_/_/_/
 :: Spring Boot ::                (v3.2.5)

2026-09-23T22:55:55.166+05:30  INFO 13163 --- [pdf-generator-app] [           main] c.example.pdfgen.RenderPdfToImageTest    : Starting RenderPdfToImageTest using Java 17.0.17 with PID 13163 (started by shruthi in /Users/shruthi/Documents/personal-project)
2026-09-23T22:55:55.166+05:30  INFO 13163 --- [pdf-generator-app] [           main] c.example.pdfgen.RenderPdfToImageTest    : No active profile set, falling back to 1 default profile: "default"
2026-09-23T22:55:55.429+05:30  INFO 13163 --- [pdf-generator-app] [           main] .s.d.r.c.RepositoryConfigurationDelegate : Bootstrapping Spring Data JPA repositories in DEFAULT mode.
2026-09-23T22:55:55.453+05:30  INFO 13163 --- [pdf-generator-app] [           main] .s.d.r.c.RepositoryConfigurationDelegate : Finished Spring Data repository scanning in 20 ms. Found 4 JPA repository interfaces.
2026-09-23T22:55:55.608+05:30  INFO 13163 --- [pdf-generator-app] [           main] com.zaxxer.hikari.HikariDataSource       : HikariPool-1 - Starting...
2026-09-23T22:55:55.667+05:30  INFO 13163 --- [pdf-generator-app] [           main] com.zaxxer.hikari.pool.HikariPool        : HikariPool-1 - Added connection org.postgresql.jdbc.PgConnection@629984eb
2026-09-23T22:55:55.668+05:30  INFO 13163 --- [pdf-generator-app] [           main] com.zaxxer.hikari.HikariDataSource       : HikariPool-1 - Start completed.
2026-09-23T22:55:55.698+05:30  INFO 13163 --- [pdf-generator-app] [           main] o.f.c.internal.license.VersionPrinter    : Flyway Community Edition 9.22.3 by Redgate
2026-09-23T22:55:55.699+05:30  INFO 13163 --- [pdf-generator-app] [           main] o.f.c.internal.license.VersionPrinter    : See release notes here: https://rd.gt/416ObMi
2026-09-23T22:55:55.699+05:30  INFO 13163 --- [pdf-generator-app] [           main] o.f.c.internal.license.VersionPrinter    : 
2026-09-23T22:55:55.704+05:30  INFO 13163 --- [pdf-generator-app] [           main] org.flywaydb.core.FlywayExecutor         : Database: jdbc:postgresql://localhost:5432/phone_download (PostgreSQL 16.15)
2026-09-23T22:55:55.707+05:30  WARN 13163 --- [pdf-generator-app] [           main] o.f.c.internal.database.base.Database    : Flyway upgrade recommended: PostgreSQL 16.15 is newer than this version of Flyway and support has not been tested. The latest supported version of PostgreSQL is 15.
2026-09-23T22:55:55.725+05:30  INFO 13163 --- [pdf-generator-app] [           main] o.f.core.internal.command.DbValidate     : Successfully validated 2 migrations (execution time 00:00.011s)
2026-09-23T22:55:55.736+05:30  INFO 13163 --- [pdf-generator-app] [           main] o.f.core.internal.command.DbMigrate      : Current version of schema "public": 1
2026-09-23T22:55:55.737+05:30  INFO 13163 --- [pdf-generator-app] [           main] o.f.core.internal.command.DbMigrate      : Schema "public" is up to date. No migration necessary.
2026-09-23T22:55:55.772+05:30  INFO 13163 --- [pdf-generator-app] [           main] o.hibernate.jpa.internal.util.LogHelper  : HHH000204: Processing PersistenceUnitInfo [name: default]
2026-09-23T22:55:55.806+05:30  INFO 13163 --- [pdf-generator-app] [           main] org.hibernate.Version                    : HHH000412: Hibernate ORM core version 6.4.4.Final
2026-09-23T22:55:55.823+05:30  INFO 13163 --- [pdf-generator-app] [           main] o.h.c.internal.RegionFactoryInitiator    : HHH000026: Second-level cache disabled
2026-09-23T22:55:55.917+05:30  INFO 13163 --- [pdf-generator-app] [           main] o.s.o.j.p.SpringPersistenceUnitInfo      : No LoadTimeWeaver setup: ignoring JPA class transformer
2026-09-23T22:55:56.342+05:30  INFO 13163 --- [pdf-generator-app] [           main] o.h.e.t.j.p.i.JtaPlatformInitiator       : HHH000489: No JTA platform available (set 'hibernate.transaction.jta.platform' to enable JTA platform integration)
2026-09-23T22:55:56.412+05:30  INFO 13163 --- [pdf-generator-app] [           main] j.LocalContainerEntityManagerFactoryBean : Initialized JPA EntityManagerFactory for persistence unit 'default'
2026-09-23T22:55:56.616+05:30  WARN 13163 --- [pdf-generator-app] [           main] JpaBaseConfiguration$JpaWebConfiguration : spring.jpa.open-in-view is enabled by default. Therefore, database queries may be performed during view rendering. Explicitly configure spring.jpa.open-in-view to disable this warning
2026-09-23T22:55:56.624+05:30  INFO 13163 --- [pdf-generator-app] [           main] o.s.b.a.w.s.WelcomePageHandlerMapping    : Adding welcome page: class path resource [static/index.html]
2026-09-23T22:55:56.768+05:30  INFO 13163 --- [pdf-generator-app] [           main] c.example.pdfgen.RenderPdfToImageTest    : Started RenderPdfToImageTest in 1.715 seconds (process running for 2.13)
Rendered sample PDF to: /Users/shruthi/.gemini/antigravity-ide/brain/1d34670c-c1e3-432f-af70-0a738282d3ce/scratch/generated_sample.png
]]></system-out>
  </testcase>
</testsuite>